<?xml version="1.0" encoding="UTF-8"?>
<!-- Generated by org.testng.reporters.JUnitXMLReporter -->
<testsuite hostname="LAPTOP-0MLMGFQH" ignored="0" name="Test" tests="6" failures="0" timestamp="21 Apr 2020 17:12:40 GMT" time="0.06" errors="0">
  <testcase name="testcase4" time="0.01" classname="com.testng.ParellelexecutionTest1"/>
  <testcase name="testcase1" time="0.01" classname="com.testng.ParellelexecutionTest"/>
  <testcase name="testcase2" time="0.008" classname="com.testng.ParellelexecutionTest"/>
  <testcase name="testcase5" time="0.014" classname="com.testng.ParellelexecutionTest1"/>
  <testcase name="testcase3" time="0.006" classname="com.testng.ParellelexecutionTest"/>
  <testcase name="testcase6" time="0.002" classname="com.testng.ParellelexecutionTest1"/>
</testsuite> <!-- Test -->
